-------------------------------------------------------------------------------
Test set: br.com.eventos.loja.LojaApplicationTests
-------------------------------------------------------------------------------
Tests run: 1, Failures: 0, Errors: 1, Skipped: 0, Time elapsed: 2.658 s <<< FAILURE! - in br.com.eventos.loja.LojaApplicationTests
contextLoads  Time elapsed: 0.002 s  <<< ERROR!
java.lang.IllegalStateException: Failed to load ApplicationContext
Caused by: org.springframework.context.ApplicationContextException: Failed to start bean 'org.springframework.kafka.config.internalKafkaListenerEndpointRegistry'; nested exception is java.lang.IllegalStateException: Topic(s) [topic4] is/are not present and missingTopicsFatal is true
Caused by: java.lang.IllegalStateException: Topic(s) [topic4] is/are not present and missingTopicsFatal is true

